2023-03-22 01:19:37.006 +06:00 [FTL] Application start-up failed
Microsoft.Extensions.Hosting.HostAbortedException: The host was aborted.
   at Microsoft.Extensions.Hosting.HostFactoryResolver.HostingListener.ThrowHostAborted()
   at Microsoft.Extensions.Hosting.HostFactoryResolver.HostingListener.OnNext(KeyValuePair`2 value)
   at System.Diagnostics.DiagnosticListener.Write(String name, Object value)
   at Microsoft.Extensions.Hosting.HostBuilder.ResolveHost(IServiceProvider serviceProvider, DiagnosticListener diagnosticListener)
   at Microsoft.Extensions.Hosting.HostApplicationBuilder.Build()
   at Microsoft.AspNetCore.Builder.WebApplicationBuilder.Build()
   at Program.<Main>$(String[] args) in C:\Users\DELL\source\repos\Solution7CRUD\Web.Demo\Program.cs:line 86
2023-03-22 01:20:22.974 +06:00 [FTL] Application start-up failed
Microsoft.Extensions.Hosting.HostAbortedException: The host was aborted.
   at Microsoft.Extensions.Hosting.HostFactoryResolver.HostingListener.ThrowHostAborted()
   at Microsoft.Extensions.Hosting.HostFactoryResolver.HostingListener.OnNext(KeyValuePair`2 value)
   at System.Diagnostics.DiagnosticListener.Write(String name, Object value)
   at Microsoft.Extensions.Hosting.HostBuilder.ResolveHost(IServiceProvider serviceProvider, DiagnosticListener diagnosticListener)
   at Microsoft.Extensions.Hosting.HostApplicationBuilder.Build()
   at Microsoft.AspNetCore.Builder.WebApplicationBuilder.Build()
   at Program.<Main>$(String[] args) in C:\Users\DELL\source\repos\Solution7CRUD\Web.Demo\Program.cs:line 86
2023-03-22 01:29:37.580 +06:00 [FTL] Application start-up failed
Microsoft.Extensions.Hosting.HostAbortedException: The host was aborted.
   at Microsoft.Extensions.Hosting.HostFactoryResolver.HostingListener.ThrowHostAborted()
   at Microsoft.Extensions.Hosting.HostFactoryResolver.HostingListener.OnNext(KeyValuePair`2 value)
   at System.Diagnostics.DiagnosticListener.Write(String name, Object value)
   at Microsoft.Extensions.Hosting.HostBuilder.ResolveHost(IServiceProvider serviceProvider, DiagnosticListener diagnosticListener)
   at Microsoft.Extensions.Hosting.HostApplicationBuilder.Build()
   at Microsoft.AspNetCore.Builder.WebApplicationBuilder.Build()
   at Program.<Main>$(String[] args) in C:\Users\DELL\source\repos\Solution7CRUD\Web.Demo\Program.cs:line 86
2023-03-22 02:08:47.951 +06:00 [INF] the app is starting
2023-03-22 02:08:49.100 +06:00 [FTL] Application start-up failed
System.InvalidOperationException: Unable to find the required services. Please add all the required services by calling 'IServiceCollection.AddRazorPages' inside the call to 'ConfigureServices(...)' in the application startup code.
   at Microsoft.AspNetCore.Builder.RazorPagesEndpointRouteBuilderExtensions.EnsureRazorPagesServices(IEndpointRouteBuilder endpoints)
   at Microsoft.AspNetCore.Builder.RazorPagesEndpointRouteBuilderExtensions.MapRazorPages(IEndpointRouteBuilder endpoints)
   at Program.<Main>$(String[] args) in C:\Users\DELL\source\repos\Solution7CRUD\Web.Demo\Program.cs:line 120
2023-03-22 02:09:17.206 +06:00 [INF] the app is starting
2023-03-22 02:09:18.108 +06:00 [FTL] Application start-up failed
System.InvalidOperationException: Unable to find the required services. Please add all the required services by calling 'IServiceCollection.AddRazorPages' inside the call to 'ConfigureServices(...)' in the application startup code.
   at Microsoft.AspNetCore.Builder.RazorPagesEndpointRouteBuilderExtensions.EnsureRazorPagesServices(IEndpointRouteBuilder endpoints)
   at Microsoft.AspNetCore.Builder.RazorPagesEndpointRouteBuilderExtensions.MapRazorPages(IEndpointRouteBuilder endpoints)
   at Program.<Main>$(String[] args) in C:\Users\DELL\source\repos\Solution7CRUD\Web.Demo\Program.cs:line 120
2023-03-22 02:10:01.512 +06:00 [INF] the app is starting
2023-03-22 02:10:02.260 +06:00 [FTL] Application start-up failed
System.InvalidOperationException: Unable to find the required services. Please add all the required services by calling 'IServiceCollection.AddRazorPages' inside the call to 'ConfigureServices(...)' in the application startup code.
   at Microsoft.AspNetCore.Builder.RazorPagesEndpointRouteBuilderExtensions.EnsureRazorPagesServices(IEndpointRouteBuilder endpoints)
   at Microsoft.AspNetCore.Builder.RazorPagesEndpointRouteBuilderExtensions.MapRazorPages(IEndpointRouteBuilder endpoints)
   at Program.<Main>$(String[] args) in C:\Users\DELL\source\repos\Solution7CRUD\Web.Demo\Program.cs:line 120
2023-03-22 02:15:22.769 +06:00 [INF] the app is starting
2023-03-22 02:15:24.693 +06:00 [FTL] Application start-up failed
System.InvalidOperationException: Unable to find the required services. Please add all the required services by calling 'IServiceCollection.AddRazorPages' inside the call to 'ConfigureServices(...)' in the application startup code.
   at Microsoft.AspNetCore.Builder.RazorPagesEndpointRouteBuilderExtensions.EnsureRazorPagesServices(IEndpointRouteBuilder endpoints)
   at Microsoft.AspNetCore.Builder.RazorPagesEndpointRouteBuilderExtensions.MapRazorPages(IEndpointRouteBuilder endpoints)
   at Program.<Main>$(String[] args) in C:\Users\DELL\source\repos\Solution7CRUD\Web.Demo\Program.cs:line 120
2023-03-22 02:15:47.153 +06:00 [INF] the app is starting
2023-03-22 02:15:48.131 +06:00 [FTL] Application start-up failed
System.InvalidOperationException: Unable to find the required services. Please add all the required services by calling 'IServiceCollection.AddRazorPages' inside the call to 'ConfigureServices(...)' in the application startup code.
   at Microsoft.AspNetCore.Builder.RazorPagesEndpointRouteBuilderExtensions.EnsureRazorPagesServices(IEndpointRouteBuilder endpoints)
   at Microsoft.AspNetCore.Builder.RazorPagesEndpointRouteBuilderExtensions.MapRazorPages(IEndpointRouteBuilder endpoints)
   at Program.<Main>$(String[] args) in C:\Users\DELL\source\repos\Solution7CRUD\Web.Demo\Program.cs:line 120
2023-03-22 02:19:09.530 +06:00 [INF] the app is starting
2023-03-22 02:19:10.067 +06:00 [FTL] Application start-up failed
System.InvalidOperationException: Unable to find the required services. Please add all the required services by calling 'IServiceCollection.AddRazorPages' inside the call to 'ConfigureServices(...)' in the application startup code.
   at Microsoft.AspNetCore.Builder.RazorPagesEndpointRouteBuilderExtensions.EnsureRazorPagesServices(IEndpointRouteBuilder endpoints)
   at Microsoft.AspNetCore.Builder.RazorPagesEndpointRouteBuilderExtensions.MapRazorPages(IEndpointRouteBuilder endpoints)
   at Program.<Main>$(String[] args) in C:\Users\DELL\source\repos\Solution7CRUD\Web.Demo\Program.cs:line 120
2023-03-22 02:19:51.465 +06:00 [INF] the app is starting
2023-03-22 02:19:52.278 +06:00 [FTL] Application start-up failed
System.InvalidOperationException: Unable to find the required services. Please add all the required services by calling 'IServiceCollection.AddRazorPages' inside the call to 'ConfigureServices(...)' in the application startup code.
   at Microsoft.AspNetCore.Builder.RazorPagesEndpointRouteBuilderExtensions.EnsureRazorPagesServices(IEndpointRouteBuilder endpoints)
   at Microsoft.AspNetCore.Builder.RazorPagesEndpointRouteBuilderExtensions.MapRazorPages(IEndpointRouteBuilder endpoints)
   at Program.<Main>$(String[] args) in C:\Users\DELL\source\repos\Solution7CRUD\Web.Demo\Program.cs:line 120
2023-03-22 02:22:50.778 +06:00 [INF] the app is starting
2023-03-22 02:22:52.243 +06:00 [FTL] Application start-up failed
System.InvalidOperationException: Unable to find the required services. Please add all the required services by calling 'IServiceCollection.AddRazorPages' inside the call to 'ConfigureServices(...)' in the application startup code.
   at Microsoft.AspNetCore.Builder.RazorPagesEndpointRouteBuilderExtensions.EnsureRazorPagesServices(IEndpointRouteBuilder endpoints)
   at Microsoft.AspNetCore.Builder.RazorPagesEndpointRouteBuilderExtensions.MapRazorPages(IEndpointRouteBuilder endpoints)
   at Program.<Main>$(String[] args) in C:\Users\DELL\source\repos\Solution7CRUD\Web.Demo\Program.cs:line 120
2023-03-22 02:27:52.084 +06:00 [INF] the app is starting
2023-03-22 02:27:52.655 +06:00 [FTL] Application start-up failed
System.InvalidOperationException: Unable to find the required services. Please add all the required services by calling 'IServiceCollection.AddRazorPages' inside the call to 'ConfigureServices(...)' in the application startup code.
   at Microsoft.AspNetCore.Builder.RazorPagesEndpointRouteBuilderExtensions.EnsureRazorPagesServices(IEndpointRouteBuilder endpoints)
   at Microsoft.AspNetCore.Builder.RazorPagesEndpointRouteBuilderExtensions.MapRazorPages(IEndpointRouteBuilder endpoints)
   at Program.<Main>$(String[] args) in C:\Users\DELL\source\repos\Solution7CRUD\Web.Demo\Program.cs:line 120
2023-03-22 02:28:07.153 +06:00 [INF] the app is starting
2023-03-22 02:28:07.780 +06:00 [FTL] Application start-up failed
System.InvalidOperationException: Unable to find the required services. Please add all the required services by calling 'IServiceCollection.AddRazorPages' inside the call to 'ConfigureServices(...)' in the application startup code.
   at Microsoft.AspNetCore.Builder.RazorPagesEndpointRouteBuilderExtensions.EnsureRazorPagesServices(IEndpointRouteBuilder endpoints)
   at Microsoft.AspNetCore.Builder.RazorPagesEndpointRouteBuilderExtensions.MapRazorPages(IEndpointRouteBuilder endpoints)
   at Program.<Main>$(String[] args) in C:\Users\DELL\source\repos\Solution7CRUD\Web.Demo\Program.cs:line 120
2023-03-22 02:29:02.809 +06:00 [INF] the app is starting
2023-03-22 02:29:03.470 +06:00 [FTL] Application start-up failed
System.InvalidOperationException: Unable to find the required services. Please add all the required services by calling 'IServiceCollection.AddRazorPages' inside the call to 'ConfigureServices(...)' in the application startup code.
   at Microsoft.AspNetCore.Builder.RazorPagesEndpointRouteBuilderExtensions.EnsureRazorPagesServices(IEndpointRouteBuilder endpoints)
   at Microsoft.AspNetCore.Builder.RazorPagesEndpointRouteBuilderExtensions.MapRazorPages(IEndpointRouteBuilder endpoints)
   at Program.<Main>$(String[] args) in C:\Users\DELL\source\repos\Solution7CRUD\Web.Demo\Program.cs:line 120
2023-03-22 02:33:44.327 +06:00 [INF] the app is starting
2023-03-22 02:33:44.919 +06:00 [FTL] Application start-up failed
System.InvalidOperationException: Unable to find the required services. Please add all the required services by calling 'IServiceCollection.AddRazorPages' inside the call to 'ConfigureServices(...)' in the application startup code.
   at Microsoft.AspNetCore.Builder.RazorPagesEndpointRouteBuilderExtensions.EnsureRazorPagesServices(IEndpointRouteBuilder endpoints)
   at Microsoft.AspNetCore.Builder.RazorPagesEndpointRouteBuilderExtensions.MapRazorPages(IEndpointRouteBuilder endpoints)
   at Program.<Main>$(String[] args) in C:\Users\DELL\source\repos\Solution7CRUD\Web.Demo\Program.cs:line 120
2023-03-22 02:38:33.850 +06:00 [INF] the app is starting
2023-03-22 02:38:40.391 +06:00 [INF]  i am in index
2023-03-22 02:41:57.288 +06:00 [INF] User created a new account with password.
2023-03-22 02:42:05.608 +06:00 [INF]  i am in index
2023-03-22 02:48:03.412 +06:00 [INF] the app is starting
2023-03-22 02:48:07.412 +06:00 [INF]  i am in index
2023-03-22 02:53:35.222 +06:00 [INF] the app is starting
2023-03-22 02:53:40.945 +06:00 [INF]  i am in index
2023-03-22 09:59:11.191 +06:00 [INF] the app is starting
2023-03-22 09:59:16.619 +06:00 [INF]  i am in index
2023-03-22 09:59:31.616 +06:00 [INF] User logged in.
2023-03-22 09:59:31.655 +06:00 [INF]  i am in index
2023-03-22 13:05:02.602 +06:00 [INF] the app is starting
2023-03-22 13:05:13.253 +06:00 [INF]  i am in index
2023-03-22 13:05:20.028 +06:00 [INF]  i am in index
2023-03-22 13:26:11.308 +06:00 [INF] the app is starting
2023-03-22 13:26:18.679 +06:00 [INF]  i am in index
2023-03-22 13:27:40.094 +06:00 [INF]  i am in index
2023-03-22 13:29:30.416 +06:00 [INF] User created a new account with password.
2023-03-22 13:29:54.229 +06:00 [INF]  i am in index
2023-03-22 13:31:15.329 +06:00 [INF]  i am in index
2023-03-22 13:31:17.076 +06:00 [INF]  i am in index
2023-03-22 13:43:55.041 +06:00 [INF] the app is starting
2023-03-22 13:44:02.734 +06:00 [INF]  i am in index
2023-03-22 14:00:03.109 +06:00 [INF] the app is starting
2023-03-22 14:00:07.961 +06:00 [INF]  i am in index
2023-03-22 14:33:27.111 +06:00 [INF] the app is starting
2023-03-22 14:33:34.161 +06:00 [INF]  i am in index
2023-03-22 14:35:02.903 +06:00 [INF] User created a new account with password.
2023-03-22 14:35:09.815 +06:00 [INF]  i am in index
2023-03-22 14:35:57.961 +06:00 [INF]  i am in index
2023-03-22 14:42:55.962 +06:00 [INF] the app is starting
2023-03-22 14:43:03.174 +06:00 [INF]  i am in index
2023-03-22 15:10:43.927 +06:00 [INF] the app is starting
2023-03-22 15:11:02.546 +06:00 [INF]  i am in index
2023-03-22 15:11:14.123 +06:00 [INF]  i am in index
2023-03-22 15:11:52.932 +06:00 [INF] User created a new account with password.
2023-03-22 15:12:03.621 +06:00 [INF]  i am in index
2023-03-22 19:39:56.327 +06:00 [INF] the app is starting
2023-03-22 19:40:10.824 +06:00 [INF]  i am in index
2023-03-22 19:40:17.632 +06:00 [INF]  i am in index
2023-03-22 20:27:46.944 +06:00 [INF] the app is starting
2023-03-22 20:27:53.080 +06:00 [INF]  i am in index
2023-03-22 20:28:57.301 +06:00 [INF] User created a new account with password.
2023-03-22 20:29:09.959 +06:00 [INF]  i am in index
2023-03-22 21:27:33.667 +06:00 [INF]  i am in index
2023-03-22 21:27:35.881 +06:00 [INF]  i am in index
2023-03-22 21:30:25.178 +06:00 [INF] User logged in.
2023-03-22 21:30:25.188 +06:00 [INF]  i am in index
2023-03-22 21:30:28.760 +06:00 [INF]  i am in index
2023-03-22 21:32:30.649 +06:00 [INF] the app is starting
2023-03-22 21:32:35.909 +06:00 [INF]  i am in index
2023-03-22 21:33:20.364 +06:00 [INF]  i am in index
2023-03-22 21:34:25.260 +06:00 [INF] User created a new account with password.
2023-03-22 21:34:32.847 +06:00 [INF]  i am in index
2023-03-22 23:30:39.401 +06:00 [INF] the app is starting
2023-03-22 23:30:56.244 +06:00 [INF]  i am in index
